# JRE version: Java(TM) SE Runtime Environment (8.0_51-b16) (build 1.8.0_51-b16)
# Java VM: Java HotSpot(TM) 64-Bit Server VM (25.51-b03 mixed mode windows-amd64 compressed oops)
Heap:
 garbage-first heap   total 2097152K, used 1174382K [0x0000000080000000, 0x0000000082000200, 0x0000000100000000)
  region size 32768K, 7 young (229376K), 3 survivors (98304K)
 Metaspace       used 83204K, capacity 91943K, committed 92004K, reserved 1128448K
  class space    used 11099K, capacity 13151K, committed 13156K, reserved 1048576K
GC Heap History (10 events):
Event: 660.044 GC heap before
{Heap before GC invocations=122 (full 1):
 garbage-first heap   total 2097152K, used 1453747K [0x0000000080000000, 0x0000000082000200, 0x0000000100000000)
  region size 32768K, 18 young (589824K), 3 survivors (98304K)
 Metaspace       used 83201K, capacity 91953K, committed 92004K, reserved 1128448K
  class space    used 11101K, capacity 13154K, committed 13156K, reserved 1048576K
Event: 660.075 GC heap after
Heap after GC invocations=123 (full 1):
 garbage-first heap   total 2097152K, used 971823K [0x0000000080000000, 0x0000000082000200, 0x0000000100000000)
  region size 32768K, 3 young (98304K), 3 survivors (98304K)
 Metaspace       used 83201K, capacity 91953K, committed 92004K, reserved 1128448K
  class space    used 11101K, capacity 13154K, committed 13156K, reserved 1048576K
}
Event: 692.919 GC heap before
{Heap before GC invocations=123 (full 1):
 garbage-first heap   total 2097152K, used 1528879K [0x0000000080000000, 0x0000000082000200, 0x0000000100000000)
  region size 32768K, 20 young (655360K), 3 survivors (98304K)
 Metaspace       used 83201K, capacity 91953K, committed 92004K, reserved 1128448K
  class space    used 11101K, capacity 13154K, committed 13156K, reserved 1048576K
Event: 692.951 GC heap after
Heap after GC invocations=124 (full 1):
 garbage-first heap   total 2097152K, used 968069K [0x0000000080000000, 0x0000000082000200, 0x0000000100000000)
  region size 32768K, 3 young (98304K), 3 survivors (98304K)
 Metaspace       used 83201K, capacity 91953K, committed 92004K, reserved 1128448K
  class space    used 11101K, capacity 13154K, committed 13156K, reserved 1048576K
}
Event: 709.404 GC heap before
{Heap before GC invocations=124 (full 1):
 garbage-first heap   total 2097152K, used 1525125K [0x0000000080000000, 0x0000000082000200, 0x0000000100000000)
  region size 32768K, 20 young (655360K), 3 survivors (98304K)
 Metaspace       used 83206K, capacity 91957K, committed 92004K, reserved 1128448K
  class space    used 11101K, capacity 13154K, committed 13156K, reserved 1048576K
Event: 709.436 GC heap after
Heap after GC invocations=125 (full 1):
 garbage-first heap   total 2097152K, used 1010068K [0x0000000080000000, 0x0000000082000200, 0x0000000100000000)
  region size 32768K, 3 young (98304K), 3 survivors (98304K)
 Metaspace       used 83206K, capacity 91957K, committed 92004K, reserved 1128448K
  class space    used 11101K, capacity 13154K, committed 13156K, reserved 1048576K
}
Event: 730.288 GC heap before
{Heap before GC invocations=125 (full 1):
 garbage-first heap   total 2097152K, used 1567124K [0x0000000080000000, 0x0000000082000200, 0x0000000100000000)
  region size 32768K, 21 young (688128K), 3 survivors (98304K)
 Metaspace       used 83212K, capacity 91961K, committed 92004K, reserved 1128448K
  class space    used 11101K, capacity 13154K, committed 13156K, reserved 1048576K
Event: 730.321 GC heap after
Heap after GC invocations=126 (full 1):
 garbage-first heap   total 2097152K, used 1000132K [0x0000000080000000, 0x0000000082000200, 0x0000000100000000)
  region size 32768K, 3 young (98304K), 3 survivors (98304K)
 Metaspace       used 83212K, capacity 91961K, committed 92004K, reserved 1128448K
  class space    used 11101K, capacity 13154K, committed 13156K, reserved 1048576K
}
Event: 756.925 GC heap before
{Heap before GC invocations=126 (full 1):
 garbage-first heap   total 2097152K, used 1524420K [0x0000000080000000, 0x0000000082000200, 0x0000000100000000)
  region size 32768K, 19 young (622592K), 3 survivors (98304K)
 Metaspace       used 83214K, capacity 91961K, committed 92004K, reserved 1128448K
  class space    used 11101K, capacity 13154K, committed 13156K, reserved 1048576K
Event: 756.956 GC heap after
Heap after GC invocations=127 (full 1):
 garbage-first heap   total 2097152K, used 1076078K [0x0000000080000000, 0x0000000082000200, 0x0000000100000000)
  region size 32768K, 3 young (98304K), 3 survivors (98304K)
 Metaspace       used 83214K, capacity 91961K, committed 92004K, reserved 1128448K
  class space    used 11101K, capacity 13154K, committed 13156K, reserved 1048576K
}

